<?xml version="1.0" encoding="UTF-8"?>
<testsuite xmlns:xsi="http://www.w3.org/2001/XMLSchema-instance" xsi:noNamespaceSchemaLocation="https://maven.apache.org/surefire/maven-surefire-plugin/xsd/surefire-test-report-3.0.xsd" version="3.0" name="me.diepdao.engine.LimitOrderBookTest" time="0.108" tests="4" errors="0" skipped="0" failures="0">
  <properties>
[...]
</properties>
  <testcase name="testFullMatch" classname="me.diepdao.engine.LimitOrderBookTest" time="0.059"/>
  <testcase name="testAddOrdersWithoutMatching" classname="me.diepdao.engine.LimitOrderBookTest" time="0.004"/>
  <testcase name="testPriceTimePriority" classname="me.diepdao.engine.LimitOrderBookTest" time="0.003"/>
  <testcase name="testPartialMatch" classname="me.diepdao.engine.LimitOrderBookTest" time="0.002"/>
</testsuite>